[3636:259:0505/145414.371352:WARNING:chrome_main_delegate.cc(750)] This is Chrome version 124.0.6367.119 (not a warning)
[3636:259:0505/145414.710168:INFO:chrome_browser_cloud_management_controller.cc(168)] Starting CBCM Controller Initialization
[3636:259:0505/145414.710215:INFO:chrome_browser_cloud_management_controller.cc(196)] No machine level policy manager exists.
[3636:259:0505/145414.746088:WARNING:browser_management_service.cc(128)] EnterpriseLogoUrl fetch failed with error code -1 and MIME type 
[3636:259:0505/145423.882339:INFO:CONSOLE(0)] "Third-party cookie will be blocked. Learn more in the Issues tab.", source: https://www.amazon.com/ (0)
[3636:259:0505/145423.882450:INFO:CONSOLE(0)] "Third-party cookie will be blocked. Learn more in the Issues tab.", source: https://www.amazon.com/ (0)
[3636:259:0505/145423.884749:INFO:CONSOLE(0)] "Third-party cookie will be blocked. Learn more in the Issues tab.", source: https://www.amazon.com/ (0)
[3636:259:0505/145423.885255:INFO:CONSOLE(0)] "Third-party cookie will be blocked. Learn more in the Issues tab.", source: https://www.amazon.com/ (0)
[3636:259:0505/145425.359503:INFO:CONSOLE(0)] "Third-party cookie will be blocked. Learn more in the Issues tab.", source: https://www.amazon.com/gp/css/homepage.html?ref_=nav_youraccount_btn (0)
[3636:259:0505/145425.359607:INFO:CONSOLE(0)] "Third-party cookie will be blocked. Learn more in the Issues tab.", source: https://www.amazon.com/gp/css/homepage.html?ref_=nav_youraccount_btn (0)
[3636:259:0505/145425.359661:INFO:CONSOLE(0)] "Third-party cookie will be blocked. Learn more in the Issues tab.", source: https://www.amazon.com/gp/css/homepage.html?ref_=nav_youraccount_btn (0)
[3636:259:0505/145425.359709:INFO:CONSOLE(0)] "Third-party cookie will be blocked. Learn more in the Issues tab.", source: https://www.amazon.com/gp/css/homepage.html?ref_=nav_youraccount_btn (0)
[3636:259:0505/145426.162742:INFO:CONSOLE(0)] "Third-party cookie will be blocked. Learn more in the Issues tab.", source: https://www.amazon.com/gp/css/homepage.html?ref_=nav_youraccount_btn (0)
[3636:259:0505/145426.162800:INFO:CONSOLE(0)] "Third-party cookie will be blocked. Learn more in the Issues tab.", source: https://www.amazon.com/gp/css/homepage.html?ref_=nav_youraccount_btn (0)
[3636:259:0505/145426.162832:INFO:CONSOLE(0)] "Third-party cookie will be blocked. Learn more in the Issues tab.", source: https://www.amazon.com/gp/css/homepage.html?ref_=nav_youraccount_btn (0)
[3636:259:0505/145426.162873:INFO:CONSOLE(0)] "Third-party cookie will be blocked. Learn more in the Issues tab.", source: https://www.amazon.com/gp/css/homepage.html?ref_=nav_youraccount_btn (0)
[3636:259:0505/145427.217443:INFO:CONSOLE(0)] "Third-party cookie will be blocked. Learn more in the Issues tab.", source: https://www.amazon.com/gp/css/gc/balance?ref_=ya_d_c_gc (0)
[3636:259:0505/145427.217529:INFO:CONSOLE(0)] "Third-party cookie will be blocked. Learn more in the Issues tab.", source: https://www.amazon.com/gp/css/gc/balance?ref_=ya_d_c_gc (0)
[3636:259:0505/145427.217587:INFO:CONSOLE(0)] "Third-party cookie will be blocked. Learn more in the Issues tab.", source: https://www.amazon.com/gp/css/gc/balance?ref_=ya_d_c_gc (0)
[3636:259:0505/145427.217621:INFO:CONSOLE(0)] "Third-party cookie will be blocked. Learn more in the Issues tab.", source: https://www.amazon.com/gp/css/gc/balance?ref_=ya_d_c_gc (0)
[3636:259:0505/145428.761646:INFO:CONSOLE(4524)] "[Report Only] Refused to load the image 'about:blank' because it violates the following Content Security Policy directive: "default-src 'self' blob: https: data: mediastream: 'unsafe-eval' 'unsafe-inline'". Note that 'img-src' was not explicitly set, so 'default-src' is used as a fallback.
", source: https://www.amazon.com/dp/B0CHTKNWBL?ref_=gcui_b_e_cr_c_d (4524)
[3636:259:0505/145429.024232:INFO:CONSOLE(915)] "Migrated pgc-util final", source: https://m.media-amazon.com/images/I/11DbyV7EqEL._RC%7C31Woe0xBtCL.js,41HPy5O9O2L.js,21wZWhWXaoL.js,21S7HDrs82L.js,31oAl8dJC2L.js,41TVCJWzmfL.js,41O60dOVTNL.js,316nVZ1c+gL.js,31stVn-QHnL.js,01S4a+TTNzL.js,21NrJgNiNeL.js,318rs4piGPL.js,01jEqq6I0UL.js,01xGyUiM+9L.js,41DfHGdXUeL.js,11LSI8IU0NL.js,41WyIIU02jL.js,31QmRDAhJvL.js,51eR7ReXXKL.js,01TQyo0bnIL.js,21Bbdsfp7cL.js,514-4bWCCBL.js,612N12HQlLL.js,51d6dVH91gL.js,11p0nLfNCcL.js,01s9HEfbt3L.js,11CGomdzAuL.js,614laSAkMiL.js,111zW1Nhl9L.js,21F+2VGtGTL.js,0120VCfYOtL.js,21R2ZWMe3+L.js,41fiJlipq+L.js,51aChzb4TRL.js,01j5DeZSMzL.js,31CuRA-rQfL.js,51VH0QegimL.js,31vI2qZfDdL.js,11K5qCK19CL.js,11sZui5xQGL.js,11KyJ7tKkeL.js,611DlibmpgL.js,21osQ88PlDL.js,11DDRPetx5L.js_.js?AUIClients/USHardlinesDetailPageMetaAssetFixed&iZrQPvbc (915)
[3636:259:0505/145432.149721:INFO:CONSOLE(4)] "Error logged with the Track&Report JS errors API(http://tiny/1covqr6l8/wamazindeClieUserJava): {"m":"Parameter is empty or undefined : edp-params","csm":"v5 ueLogError callee","logLevel":"WARN","attribution":"EDPAsset:EDP","pageURL":"https://www.amazon.com/dp/B0CHTKNWBL?ref_=gcui_b_e_cr_c_d","s":["function(){if(c.ue_err.erl){var a=c.ue_err.erl.length,g;for(g=0;g<a;g++){var b=c.ue_err.erl[g];B(b.ex,\nb.info)}ue_err.erl=[]}}","function(c,m){function y(a){if(a)return a.replace(/^\\s+|\\s+$/g,\"\")}function x(a,g){if(!a)return{};var b=\"INFO\"===g.logLevel;a.m&&a.m.message&&(a=a.m);var f=g.m||g.message||\"\";f=a.m&&a.m.message?f+a.m.message:a.m&&a.m.target&&a.m.target.tagName?f+(\"Error handler invoked by \"+a.m.target.tagName+\" tag\"):a.m?f+a.m:a.message?f+a.message:f+\"Unknown error\";f={m:f,name:a.name,type:a.type,csm:N+\" \"+(a.fromOnError?\"onerror\":\"ueLogError\")};var h,l=0;f.logLevel=g.logLevel||A;g.adb&&(f.adb=g.adb);if(h=g.attribution)f.at"],"t":4152} [object Object]", source: https://images-na.ssl-images-amazon.com/images/I/31bJewCvY-L.js (4)
[3636:259:0505/145432.150159:INFO:CONSOLE(4)] "Error logged with the Track&Report JS errors API(http://tiny/1covqr6l8/wamazindeClieUserJava): {"m":"Aborting EDP registration as required EDP metadata not found on page.","csm":"v5 ueLogError callee","logLevel":"WARN","attribution":"EDPAsset:EDP","pageURL":"https://www.amazon.com/dp/B0CHTKNWBL?ref_=gcui_b_e_cr_c_d","s":["function(){if(c.ue_err.erl){var a=c.ue_err.erl.length,g;for(g=0;g<a;g++){var b=c.ue_err.erl[g];B(b.ex,\nb.info)}ue_err.erl=[]}}","function(c,m){function y(a){if(a)return a.replace(/^\\s+|\\s+$/g,\"\")}function x(a,g){if(!a)return{};var b=\"INFO\"===g.logLevel;a.m&&a.m.message&&(a=a.m);var f=g.m||g.message||\"\";f=a.m&&a.m.message?f+a.m.message:a.m&&a.m.target&&a.m.target.tagName?f+(\"Error handler invoked by \"+a.m.target.tagName+\" tag\"):a.m?f+a.m:a.message?f+a.message:f+\"Unknown error\";f={m:f,name:a.name,type:a.type,csm:N+\" \"+(a.fromOnError?\"onerror\":\"ueLogError\")};var h,l=0;f.logLevel=g.logLevel||A;g.adb&&(f.adb=g.adb);if(h=g.attribution)f.at"],"t":4153} [object Object]", source: https://images-na.ssl-images-amazon.com/images/I/31bJewCvY-L.js (4)
[3636:259:0505/145432.280241:INFO:CONSOLE(0)] "Third-party cookie will be blocked. Learn more in the Issues tab.", source: https://www.amazon.com/dp/B0CHTKNWBL?ref_=gcui_b_e_cr_c_d (0)
[3636:259:0505/145432.280315:INFO:CONSOLE(0)] "Third-party cookie will be blocked. Learn more in the Issues tab.", source: https://www.amazon.com/dp/B0CHTKNWBL?ref_=gcui_b_e_cr_c_d (0)
[3636:259:0505/145432.280350:INFO:CONSOLE(0)] "Third-party cookie will be blocked. Learn more in the Issues tab.", source: https://www.amazon.com/dp/B0CHTKNWBL?ref_=gcui_b_e_cr_c_d (0)
[3636:259:0505/145432.280379:INFO:CONSOLE(0)] "Third-party cookie will be blocked. Learn more in the Issues tab.", source: https://www.amazon.com/dp/B0CHTKNWBL?ref_=gcui_b_e_cr_c_d (0)
[3636:259:0505/145433.419215:INFO:CONSOLE(5)] "Unrecognized feature: 'attribution-reporting'.", source: https://m.media-amazon.com/images/I/11J-bObHAEL._RC%7C01KSEBuWxhL.js_.js?AUIClients/ARARegisterTrigger (5)
[3636:259:0505/145434.924478:INFO:CONSOLE(0)] "The resource https://m.media-amazon.com/images/I/919i65rLqcL.js?AUIClients/GestaltDetailPageDesktopMetaAsset was preloaded using link preload but not used within a few seconds from the window's load event. Please make sure it has an appropriate `as` value and it is preloaded intentionally.", source: https://www.amazon.com/dp/B0CHTKNWBL?ref_=gcui_b_e_cr_c_d&th=1 (0)
[3636:259:0505/145434.924614:INFO:CONSOLE(0)] "The resource https://m.media-amazon.com/images/I/21MmykXVyRL.js?AUIClients/DetailPageOffersDebugAssets was preloaded using link preload but not used within a few seconds from the window's load event. Please make sure it has an appropriate `as` value and it is preloaded intentionally.", source: https://www.amazon.com/dp/B0CHTKNWBL?ref_=gcui_b_e_cr_c_d&th=1 (0)
[3636:259:0505/145434.924673:INFO:CONSOLE(0)] "The resource https://m.media-amazon.com/images/I/51ufhqXfUPL.js?AUIClients/DetailPageABSMultiSelectionAssets&I26DRAhL#677294-T1 was preloaded using link preload but not used within a few seconds from the window's load event. Please make sure it has an appropriate `as` value and it is preloaded intentionally.", source: https://www.amazon.com/dp/B0CHTKNWBL?ref_=gcui_b_e_cr_c_d&th=1 (0)
[3636:259:0505/145434.924721:INFO:CONSOLE(0)] "The resource https://images-na.ssl-images-amazon.com/images/S/apesafeframe/ape/sf/desktop/sf-1.50.60a985d4.html was preloaded using link preload but not used within a few seconds from the window's load event. Please make sure it has an appropriate `as` value and it is preloaded intentionally.", source: https://www.amazon.com/dp/B0CHTKNWBL?ref_=gcui_b_e_cr_c_d&th=1 (0)
[3636:259:0505/145434.924756:INFO:CONSOLE(0)] "The resource https://m.media-amazon.com/images/I/61zkVvyVs-L.js?AUIClients/DetailPageAllOffersDisplayAssets&z0KsiUTb#language-en.781295-T1.403176-C was preloaded using link preload but not used within a few seconds from the window's load event. Please make sure it has an appropriate `as` value and it is preloaded intentionally.", source: https://www.amazon.com/dp/B0CHTKNWBL?ref_=gcui_b_e_cr_c_d&th=1 (0)
[3636:259:0505/145434.924790:INFO:CONSOLE(0)] "The resource https://images-na.ssl-images-amazon.com/images/S/apesafeframe/ape/sf/desktop/sf-1.50.92313ac3.js was preloaded using link preload but not used within a few seconds from the window's load event. Please make sure it has an appropriate `as` value and it is preloaded intentionally.", source: https://www.amazon.com/dp/B0CHTKNWBL?ref_=gcui_b_e_cr_c_d&th=1 (0)
